# JRE version: OpenJDK Runtime Environment Temurin-17.0.11+9 (17.0.11+9) (build 17.0.11+9)
# Java VM: OpenJDK 64-Bit Server VM Temurin-17.0.11+9 (17.0.11+9, mixed mode, emulated-client, tiered, compressed oops, compressed class ptrs, g1 gc, windows-amd64)
GC Precious Log:
 CPUs: 12 total, 12 available
 Memory: 7835M
 Large Page Support: Disabled
 NUMA Support: Disabled
 Compressed Oops: Enabled (32-bit)
 Heap Region Size: 1M
 Heap Min Capacity: 8M
 Heap Initial Capacity: 124M
 Heap Max Capacity: 1G
 Pre-touch: Disabled
 Parallel Workers: 10
 Concurrent Workers: 3
 Concurrent Refinement Workers: 10
 Periodic GC: Disabled
Heap:
 garbage-first heap   total 91136K, used 38865K [0x00000000c0000000, 0x0000000100000000)
  region size 1024K, 1 young (1024K), 0 survivors (0K)
 Metaspace       used 62449K, committed 62912K, reserved 1114112K
  class space    used 7628K, committed 7872K, reserved 1048576K
GC Heap History (20 events):
Event: 11693.699 GC heap before
{Heap before GC invocations=1121 (full 1102):
 garbage-first heap   total 91136K, used 38865K [0x00000000c0000000, 0x0000000100000000)
  region size 1024K, 1 young (1024K), 0 survivors (0K)
 Metaspace       used 62449K, committed 62912K, reserved 1114112K
  class space    used 7628K, committed 7872K, reserved 1048576K
}
Event: 11693.725 GC heap after
{Heap after GC invocations=1122 (full 1103):
 garbage-first heap   total 91136K, used 38865K [0x00000000c0000000, 0x0000000100000000)
  region size 1024K, 0 young (0K), 0 survivors (0K)
 Metaspace       used 62449K, committed 62912K, reserved 1114112K
  class space    used 7628K, committed 7872K, reserved 1048576K
}
Event: 11704.074 GC heap before
{Heap before GC invocations=1122 (full 1103):
 garbage-first heap   total 91136K, used 38865K [0x00000000c0000000, 0x0000000100000000)
  region size 1024K, 1 young (1024K), 0 survivors (0K)
 Metaspace       used 62449K, committed 62912K, reserved 1114112K
  class space    used 7628K, committed 7872K, reserved 1048576K
}
Event: 11704.103 GC heap after
{Heap after GC invocations=1123 (full 1104):
 garbage-first heap   total 91136K, used 38865K [0x00000000c0000000, 0x0000000100000000)
  region size 1024K, 0 young (0K), 0 survivors (0K)
 Metaspace       used 62449K, committed 62912K, reserved 1114112K
  class space    used 7628K, committed 7872K, reserved 1048576K
}
Event: 11714.688 GC heap before
{Heap before GC invocations=1123 (full 1104):
 garbage-first heap   total 91136K, used 38865K [0x00000000c0000000, 0x0000000100000000)
  region size 1024K, 1 young (1024K), 0 survivors (0K)
 Metaspace       used 62449K, committed 62912K, reserved 1114112K
  class space    used 7628K, committed 7872K, reserved 1048576K
}
Event: 11714.716 GC heap after
{Heap after GC invocations=1124 (full 1105):
 garbage-first heap   total 91136K, used 38865K [0x00000000c0000000, 0x0000000100000000)
  region size 1024K, 0 young (0K), 0 survivors (0K)
 Metaspace       used 62449K, committed 62912K, reserved 1114112K
  class space    used 7628K, committed 7872K, reserved 1048576K
}
Event: 11725.080 GC heap before
{Heap before GC invocations=1124 (full 1105):
 garbage-first heap   total 91136K, used 38865K [0x00000000c0000000, 0x0000000100000000)
  region size 1024K, 1 young (1024K), 0 survivors (0K)
 Metaspace       used 62449K, committed 62912K, reserved 1114112K
  class space    used 7628K, committed 7872K, reserved 1048576K
}
Event: 11725.111 GC heap after
{Heap after GC invocations=1125 (full 1106):
 garbage-first heap   total 91136K, used 38865K [0x00000000c0000000, 0x0000000100000000)
  region size 1024K, 0 young (0K), 0 survivors (0K)
 Metaspace       used 62449K, committed 62912K, reserved 1114112K
  class space    used 7628K, committed 7872K, reserved 1048576K
}
Event: 11735.480 GC heap before
{Heap before GC invocations=1125 (full 1106):
 garbage-first heap   total 91136K, used 38865K [0x00000000c0000000, 0x0000000100000000)
  region size 1024K, 1 young (1024K), 0 survivors (0K)
 Metaspace       used 62449K, committed 62912K, reserved 1114112K
  class space    used 7628K, committed 7872K, reserved 1048576K
}
Event: 11735.515 GC heap after
{Heap after GC invocations=1126 (full 1107):
 garbage-first heap   total 91136K, used 38865K [0x00000000c0000000, 0x0000000100000000)
  region size 1024K, 0 young (0K), 0 survivors (0K)
 Metaspace       used 62449K, committed 62912K, reserved 1114112K
  class space    used 7628K, committed 7872K, reserved 1048576K
}
Event: 11745.853 GC heap before
{Heap before GC invocations=1126 (full 1107):
 garbage-first heap   total 91136K, used 38865K [0x00000000c0000000, 0x0000000100000000)
  region size 1024K, 1 young (1024K), 0 survivors (0K)
 Metaspace       used 62449K, committed 62912K, reserved 1114112K
  class space    used 7628K, committed 7872K, reserved 1048576K
}
Event: 11745.881 GC heap after
{Heap after GC invocations=1127 (full 1108):
 garbage-first heap   total 91136K, used 38865K [0x00000000c0000000, 0x0000000100000000)
  region size 1024K, 0 young (0K), 0 survivors (0K)
 Metaspace       used 62449K, committed 62912K, reserved 1114112K
  class space    used 7628K, committed 7872K, reserved 1048576K
}
Event: 11756.177 GC heap before
{Heap before GC invocations=1127 (full 1108):
 garbage-first heap   total 91136K, used 38865K [0x00000000c0000000, 0x0000000100000000)
  region size 1024K, 1 young (1024K), 0 survivors (0K)
 Metaspace       used 62449K, committed 62912K, reserved 1114112K
  class space    used 7628K, committed 7872K, reserved 1048576K
}
Event: 11756.201 GC heap after
{Heap after GC invocations=1128 (full 1109):
 garbage-first heap   total 91136K, used 38865K [0x00000000c0000000, 0x0000000100000000)
  region size 1024K, 0 young (0K), 0 survivors (0K)
 Metaspace       used 62449K, committed 62912K, reserved 1114112K
  class space    used 7628K, committed 7872K, reserved 1048576K
}
Event: 11766.610 GC heap before
{Heap before GC invocations=1128 (full 1109):
 garbage-first heap   total 91136K, used 38865K [0x00000000c0000000, 0x0000000100000000)
  region size 1024K, 1 young (1024K), 0 survivors (0K)
 Metaspace       used 62449K, committed 62912K, reserved 1114112K
  class space    used 7628K, committed 7872K, reserved 1048576K
}
Event: 11766.634 GC heap after
{Heap after GC invocations=1129 (full 1110):
 garbage-first heap   total 91136K, used 38865K [0x00000000c0000000, 0x0000000100000000)
  region size 1024K, 0 young (0K), 0 survivors (0K)
 Metaspace       used 62449K, committed 62912K, reserved 1114112K
  class space    used 7628K, committed 7872K, reserved 1048576K
}
Event: 11776.933 GC heap before
{Heap before GC invocations=1129 (full 1110):
 garbage-first heap   total 91136K, used 38865K [0x00000000c0000000, 0x0000000100000000)
  region size 1024K, 1 young (1024K), 0 survivors (0K)
 Metaspace       used 62449K, committed 62912K, reserved 1114112K
  class space    used 7628K, committed 7872K, reserved 1048576K
}
Event: 11776.957 GC heap after
{Heap after GC invocations=1130 (full 1111):
 garbage-first heap   total 91136K, used 38865K [0x00000000c0000000, 0x0000000100000000)
  region size 1024K, 0 young (0K), 0 survivors (0K)
 Metaspace       used 62449K, committed 62912K, reserved 1114112K
  class space    used 7628K, committed 7872K, reserved 1048576K
}
Event: 11787.336 GC heap before
{Heap before GC invocations=1130 (full 1111):
 garbage-first heap   total 91136K, used 38865K [0x00000000c0000000, 0x0000000100000000)
  region size 1024K, 1 young (1024K), 0 survivors (0K)
 Metaspace       used 62449K, committed 62912K, reserved 1114112K
  class space    used 7628K, committed 7872K, reserved 1048576K
}
Event: 11787.367 GC heap after
{Heap after GC invocations=1131 (full 1112):
 garbage-first heap   total 91136K, used 38865K [0x00000000c0000000, 0x0000000100000000)
  region size 1024K, 0 young (0K), 0 survivors (0K)
 Metaspace       used 62449K, committed 62912K, reserved 1114112K
  class space    used 7628K, committed 7872K, reserved 1048576K
}

